#
# A fatal error has been detected by the Java Runtime Environment:
#
#  EXCEPTION_ACCESS_VIOLATION (0xc0000005) at pc=0x0000000056daa0a5, pid=9716, tid=0x0000000000000c1c
#
# JRE version: Java(TM) SE Runtime Environment (8.0_101-b13) (build 1.8.0_101-b13)
# Java VM: Java HotSpot(TM) 64-Bit Server VM (25.101-b13 mixed mode windows-amd64 compressed oops)
# Problematic frame:
# V  [jvm.dll+0x12a0a5]
#
# Failed to write core dump. Minidumps are not enabled by default on client versions of Windows
#
# If you would like to submit a bug report, please visit:
#   http://bugreport.java.com/bugreport/crash.jsp
#

---------------  T H R E A D  ---------------

Current thread (0x000000001482e800):  JavaThread "JDWP Transport Listener: dt_socket" daemon [_thread_in_vm, id=3100, stack(0x0000000015aa0000,0x0000000015ba0000)]

siginfo: ExceptionCode=0xc0000005, reading address 0xffffffffffffffff

Registers:
RAX=0x0000000015b9f701, RBX=0x000000001482e800, RCX=0x746972756365532f, RDX=0x0000000000000000
RSP=0x0000000015b9f6d0, RBP=0x746972756365532f, RSI=0x0000000015b9f7e8, RDI=0x0000000000cb85b0
R8 =0x000000001482e800, R9 =0x0000000000008000, R10=0x707474682f6b726f, R11=0x0000000018d8f2f3
R12=0x0000000000000000, R13=0x000000001482f5b8, R14=0x0000000000000000, R15=0x0000000000000000
RIP=0x0000000056daa0a5, EFLAGS=0x0000000000010202

Top of Stack: (sp=0x0000000015b9f6d0)
0x0000000015b9f6d0:   000000001482e800 000000001773b180
0x0000000015b9f6e0:   0000000015b9f798 0000000056fb2f0b
0x0000000015b9f6f0:   000000001482e800 0000000056fcf76d
0x0000000015b9f700:   0000000000000053 0000000058589155
0x0000000015b9f710:   0000000018553060 000000005859291e
0x0000000015b9f720:   000000001482e800 0000000000000000
0x0000000015b9f730:   0000000000000000 0000000000000000
0x0000000015b9f740:   746972756365532f 0000000058591a15
0x0000000015b9f750:   0000000015b9f7e8 0000000015b9f7c0
0x0000000015b9f760:   0000000000000001 0000000018553060
0x0000000015b9f770:   746972756365532f 00000000585753b3
0x0000000015b9f780:   0000000015b9f8b0 0000000000000001
0x0000000015b9f790:   0000000000000001 0000000018553060
0x0000000015b9f7a0:   0000000000000001 0000000000000000
0x0000000015b9f7b0:   0000000000000000 0000000000000000
0x0000000015b9f7c0:   0000000000000001 0000000058575571 

Instructions: (pc=0x0000000056daa0a5)
0x0000000056daa085:   cc cc cc cc cc cc cc cc cc cc cc 48 83 ec 28 48
0x0000000056daa095:   85 c9 75 07 33 c0 48 83 c4 28 c3 48 89 5c 24 20
0x0000000056daa0a5:   48 8b 19 48 85 db 74 20 48 83 fb 37 74 1a 48 8b
0x0000000056daa0b5:   13 48 8b cb ff 52 10 84 c0 74 0d 48 8b c3 48 8b 


Register to memory mapping:

RAX=0x0000000015b9f701 is pointing into the stack for thread: 0x000000001482e800
RBX=0x000000001482e800 is a thread
RCX=0x746972756365532f is an unknown value
RDX=0x0000000000000000 is an unknown value
RSP=0x0000000015b9f6d0 is pointing into the stack for thread: 0x000000001482e800
RBP=0x746972756365532f is an unknown value
RSI=0x0000000015b9f7e8 is pointing into the stack for thread: 0x000000001482e800
RDI=0x0000000000cb85b0 is an unknown value
R8 =0x000000001482e800 is a thread
R9 =0x0000000000008000 is an unknown value
R10=0x707474682f6b726f is an unknown value
R11=0x0000000018d8f2f3 is an unknown value
R12=0x0000000000000000 is an unknown value
R13=0x000000001482f5b8 is an unknown value
R14=0x0000000000000000 is an unknown value
R15=0x0000000000000000 is an unknown value


Stack: [0x0000000015aa0000,0x0000000015ba0000],  sp=0x0000000015b9f6d0,  free space=1021k
Native frames: (J=compiled Java code, j=interpreted, Vv=VM code, C=native code)
V  [jvm.dll+0x12a0a5]
V  [jvm.dll+0x34f76d]
C  [jdwp.dll+0x21a15]
C  [jdwp.dll+0x53b3]
C  [jdwp.dll+0x5571]
C  [jdwp.dll+0xf0a8]
C  [jdwp.dll+0x1f2d5]
C  [jdwp.dll+0x1f4aa]
V  [jvm.dll+0x1bd258]
V  [jvm.dll+0x2451a4]
V  [jvm.dll+0x29c18a]
C  [msvcr100.dll+0x21d9f]
C  [msvcr100.dll+0x21e3b]
C  [KERNEL32.DLL+0x8364]
C  [ntdll.dll+0x670d1]


---------------  P R O C E S S  ---------------

Java Threads: ( => current thread )
  0x0000000019bad800 JavaThread "http-nio-8080-exec-10" daemon [_thread_blocked, id=8484, stack(0x000000001eff0000,0x000000001f0f0000)]
  0x0000000019bb0800 JavaThread "http-nio-8080-exec-9" daemon [_thread_blocked, id=11024, stack(0x000000001eef0000,0x000000001eff0000)]
  0x0000000019bb0000 JavaThread "http-nio-8080-exec-8" daemon [_thread_blocked, id=6680, stack(0x000000001edf0000,0x000000001eef0000)]
  0x0000000019bac000 JavaThread "http-nio-8080-exec-7" daemon [_thread_blocked, id=2620, stack(0x000000001ecf0000,0x000000001edf0000)]
  0x0000000019bad000 JavaThread "http-nio-8080-exec-6" daemon [_thread_blocked, id=9224, stack(0x000000001ebf0000,0x000000001ecf0000)]
  0x0000000019baa800 JavaThread "http-nio-8080-exec-5" daemon [_thread_blocked, id=8968, stack(0x000000001e8f0000,0x000000001e9f0000)]
  0x0000000016b04800 JavaThread "http-nio-8080-exec-4" daemon [_thread_blocked, id=8312, stack(0x000000001e7f0000,0x000000001e8f0000)]
  0x0000000016b07800 JavaThread "http-nio-8080-exec-3" daemon [_thread_blocked, id=6336, stack(0x000000001e6f0000,0x000000001e7f0000)]
  0x0000000016b08800 JavaThread "http-nio-8080-exec-2" daemon [_thread_blocked, id=6964, stack(0x000000001e3f0000,0x000000001e4f0000)]
  0x0000000016b0a000 JavaThread "http-nio-8080-exec-1" daemon [_thread_blocked, id=844, stack(0x000000001e2f0000,0x000000001e3f0000)]
  0x0000000016b09000 JavaThread "DestroyJavaVM" [_thread_blocked, id=6404, stack(0x0000000002680000,0x0000000002780000)]
  0x0000000016b07000 JavaThread "http-nio-8080-AsyncTimeout" daemon [_thread_blocked, id=9536, stack(0x000000001e1f0000,0x000000001e2f0000)]
  0x0000000016b04000 JavaThread "http-nio-8080-Acceptor-0" daemon [_thread_in_native, id=8076, stack(0x000000001e0f0000,0x000000001e1f0000)]
  0x0000000016b06000 JavaThread "http-nio-8080-ClientPoller-1" daemon [_thread_in_native, id=9876, stack(0x000000001dff0000,0x000000001e0f0000)]
  0x0000000016b0a800 JavaThread "http-nio-8080-ClientPoller-0" daemon [_thread_in_native, id=8560, stack(0x000000001def0000,0x000000001dff0000)]
  0x0000000016b05800 JavaThread "NioBlockingSelector.BlockPoller-1" daemon [_thread_in_native, id=11220, stack(0x000000001cbb0000,0x000000001ccb0000)]
  0x00000000199f3000 JavaThread "Tomcat JDBC Pool Cleaner[414493378:1489988533686]" daemon [_thread_blocked, id=1700, stack(0x000000001ae20000,0x000000001af20000)]
  0x00000000167ca800 JavaThread "container-0" [_thread_blocked, id=9184, stack(0x000000001ab20000,0x000000001ac20000)]
  0x0000000019809800 JavaThread "ContainerBackgroundProcessor[StandardEngine[Tomcat]]" daemon [_thread_blocked, id=8336, stack(0x000000001aa20000,0x000000001ab20000)]
  0x00000000148a4800 JavaThread "Service Thread" daemon [_thread_blocked, id=3836, stack(0x0000000015fa0000,0x00000000160a0000)]
  0x000000001489f800 JavaThread "C1 CompilerThread1" daemon [_thread_blocked, id=9260, stack(0x0000000015ea0000,0x0000000015fa0000)]
  0x0000000014843800 JavaThread "C2 CompilerThread0" daemon [_thread_blocked, id=6548, stack(0x0000000015da0000,0x0000000015ea0000)]
  0x0000000014835800 JavaThread "JDWP Command Reader" daemon [_thread_in_native, id=1704, stack(0x0000000015ca0000,0x0000000015da0000)]
  0x0000000014833000 JavaThread "JDWP Event Helper Thread" daemon [_thread_blocked, id=1640, stack(0x0000000015ba0000,0x0000000015ca0000)]
=>0x000000001482e800 JavaThread "JDWP Transport Listener: dt_socket" daemon [_thread_in_vm, id=3100, stack(0x0000000015aa0000,0x0000000015ba0000)]
  0x000000001481d000 JavaThread "Attach Listener" daemon [_thread_blocked, id=5984, stack(0x0000000015660000,0x0000000015760000)]
  0x0000000014819800 JavaThread "Signal Dispatcher" daemon [_thread_blocked, id=2464, stack(0x0000000015560000,0x0000000015660000)]
  0x0000000014808800 JavaThread "Finalizer" daemon [_thread_blocked, id=10008, stack(0x0000000015460000,0x0000000015560000)]
  0x0000000002871800 JavaThread "Reference Handler" daemon [_thread_blocked, id=10536, stack(0x0000000015360000,0x0000000015460000)]

Other Threads:
  0x00000000147e6800 VMThread [stack: 0x0000000015260000,0x0000000015360000] [id=7824]
  0x00000000160b8800 WatcherThread [stack: 0x00000000164a0000,0x00000000165a0000] [id=8780]

VM state:not at safepoint (normal execution)

VM Mutex/Monitor currently owned by a thread: None

Heap:
 PSYoungGen      total 123904K, used 88129K [0x00000000ed780000, 0x00000000f6e80000, 0x0000000100000000)
  eden space 114176K, 68% used [0x00000000ed780000,0x00000000f24183c0,0x00000000f4700000)
  from space 9728K, 99% used [0x00000000f4700000,0x00000000f50780b0,0x00000000f5080000)
  to   space 12800K, 0% used [0x00000000f6200000,0x00000000f6200000,0x00000000f6e80000)
 ParOldGen       total 53248K, used 31175K [0x00000000c8600000, 0x00000000cba00000, 0x00000000ed780000)
  object space 53248K, 58% used [0x00000000c8600000,0x00000000ca471ea0,0x00000000cba00000)
 Metaspace       used 54709K, capacity 55506K, committed 55720K, reserved 1097728K
  class space    used 6886K, capacity 7050K, committed 7080K, reserved 1048576K

Card table byte_map: [0x0000000011c40000,0x0000000011e00000] byte_map_base: 0x00000000115fd000

Marking Bits: (ParMarkBitMap*) 0x000000005749a6d0
 Begin Bits: [0x0000000012130000, 0x0000000012f18000)
 End Bits:   [0x0000000012f18000, 0x0000000013d00000)

Polling page: 0x0000000000c90000

CodeCache: size=245760Kb used=22156Kb max_used=22156Kb free=223604Kb
 bounds [0x0000000002880000, 0x0000000003e50000, 0x0000000011880000]
 total_blobs=6497 nmethods=5972 adapters=444
 compilation: enabled

Compilation events (10 events):
Event: 2742.007 Thread 0x0000000014843800 6991       4       org.h2.expression.Alias::getColumnName (30 bytes)
Event: 2742.011 Thread 0x0000000014843800 nmethod 6991 0x0000000003e3b690 code [0x0000000003e3b7e0, 0x0000000003e3b8b8]
Event: 2742.020 Thread 0x0000000014843800 6992       4       org.h2.expression.Alias::getTableName (20 bytes)
Event: 2742.021 Thread 0x000000001489f800 6993       3       org.hibernate.LockMode::greaterThan (17 bytes)
Event: 2742.022 Thread 0x000000001489f800 nmethod 6993 0x0000000003e3b2d0 code [0x0000000003e3b420, 0x0000000003e3b5d0]
Event: 2742.022 Thread 0x0000000014843800 nmethod 6992 0x0000000003e38390 code [0x0000000003e384e0, 0x0000000003e38618]
Event: 2742.030 Thread 0x000000001489f800 6994       3       org.jboss.logging.Slf4jLocationAwareLogger::doLogf (49 bytes)
Event: 2742.034 Thread 0x000000001489f800 nmethod 6994 0x0000000003e3f7d0 code [0x0000000003e3fae0, 0x0000000003e410c8]
Event: 2749.120 Thread 0x000000001489f800 6995       1       org.apache.tomcat.util.net.AbstractEndpoint::getExecutor (5 bytes)
Event: 2749.120 Thread 0x000000001489f800 nmethod 6995 0x0000000003e3af50 code [0x0000000003e3b0a0, 0x0000000003e3b1b0]

GC Heap History (10 events):
Event: 42.647 GC heap before
{Heap before GC invocations=17 (full 2):
 PSYoungGen      total 84992K, used 2004K [0x00000000ed780000, 0x00000000f4a80000, 0x0000000100000000)
  eden space 78848K, 0% used [0x00000000ed780000,0x00000000ed780000,0x00000000f2480000)
  from space 6144K, 32% used [0x00000000f2480000,0x00000000f2675170,0x00000000f2a80000)
  to   space 6144K, 0% used [0x00000000f4480000,0x00000000f4480000,0x00000000f4a80000)
 ParOldGen       total 34304K, used 19510K [0x00000000c8600000, 0x00000000ca780000, 0x00000000ed780000)
  object space 34304K, 56% used [0x00000000c8600000,0x00000000c990d860,0x00000000ca780000)
 Metaspace       used 35007K, capacity 35320K, committed 35496K, reserved 1081344K
  class space    used 4409K, capacity 4519K, committed 4520K, reserved 1048576K
Event: 43.330 GC heap after
Heap after GC invocations=17 (full 2):
 PSYoungGen      total 84992K, used 0K [0x00000000ed780000, 0x00000000f4a80000, 0x0000000100000000)
  eden space 78848K, 0% used [0x00000000ed780000,0x00000000ed780000,0x00000000f2480000)
  from space 6144K, 0% used [0x00000000f2480000,0x00000000f2480000,0x00000000f2a80000)
  to   space 6144K, 0% used [0x00000000f4480000,0x00000000f4480000,0x00000000f4a80000)
 ParOldGen       total 53248K, used 20100K [0x00000000c8600000, 0x00000000cba00000, 0x00000000ed780000)
  object space 53248K, 37% used [0x00000000c8600000,0x00000000c99a12f8,0x00000000cba00000)
 Metaspace       used 35007K, capacity 35320K, committed 35496K, reserved 1081344K
  class space    used 4409K, capacity 4519K, committed 4520K, reserved 1048576K
}
Event: 53.195 GC heap before
{Heap before GC invocations=18 (full 2):
 PSYoungGen      total 84992K, used 78848K [0x00000000ed780000, 0x00000000f4a80000, 0x0000000100000000)
  eden space 78848K, 100% used [0x00000000ed780000,0x00000000f2480000,0x00000000f2480000)
  from space 6144K, 0% used [0x00000000f2480000,0x00000000f2480000,0x00000000f2a80000)
  to   space 6144K, 0% used [0x00000000f4480000,0x00000000f4480000,0x00000000f4a80000)
 ParOldGen       total 53248K, used 20100K [0x00000000c8600000, 0x00000000cba00000, 0x00000000ed780000)
  object space 53248K, 37% used [0x00000000c8600000,0x00000000c99a12f8,0x00000000cba00000)
 Metaspace       used 43369K, capacity 43760K, committed 44200K, reserved 1087488K
  class space    used 5609K, capacity 5707K, committed 5800K, reserved 1048576K
Event: 53.228 GC heap after
Heap after GC invocations=18 (full 2):
 PSYoungGen      total 105472K, used 6142K [0x00000000ed780000, 0x00000000f4a80000, 0x0000000100000000)
  eden space 99328K, 0% used [0x00000000ed780000,0x00000000ed780000,0x00000000f3880000)
  from space 6144K, 99% used [0x00000000f4480000,0x00000000f4a7fb48,0x00000000f4a80000)
  to   space 8192K, 0% used [0x00000000f3a80000,0x00000000f3a80000,0x00000000f4280000)
 ParOldGen       total 53248K, used 24001K [0x00000000c8600000, 0x00000000cba00000, 0x00000000ed780000)
  object space 53248K, 45% used [0x00000000c8600000,0x00000000c9d706d8,0x00000000cba00000)
 Metaspace       used 43369K, capacity 43760K, committed 44200K, reserved 1087488K
  class space    used 5609K, capacity 5707K, committed 5800K, reserved 1048576K
}
Event: 64.022 GC heap before
{Heap before GC invocations=19 (full 2):
 PSYoungGen      total 105472K, used 105470K [0x00000000ed780000, 0x00000000f4a80000, 0x0000000100000000)
  eden space 99328K, 100% used [0x00000000ed780000,0x00000000f3880000,0x00000000f3880000)
  from space 6144K, 99% used [0x00000000f4480000,0x00000000f4a7fb48,0x00000000f4a80000)
  to   space 8192K, 0% used [0x00000000f3a80000,0x00000000f3a80000,0x00000000f4280000)
 ParOldGen       total 53248K, used 24001K [0x00000000c8600000, 0x00000000cba00000, 0x00000000ed780000)
  object space 53248K, 45% used [0x00000000c8600000,0x00000000c9d706d8,0x00000000cba00000)
 Metaspace       used 46961K, capacity 47336K, committed 47784K, reserved 1091584K
  class space    used 6089K, capacity 6203K, committed 6312K, reserved 1048576K
Event: 64.099 GC heap after
Heap after GC invocations=19 (full 2):
 PSYoungGen      total 109568K, used 6983K [0x00000000ed780000, 0x00000000f5900000, 0x0000000100000000)
  eden space 101376K, 0% used [0x00000000ed780000,0x00000000ed780000,0x00000000f3a80000)
  from space 8192K, 85% used [0x00000000f3a80000,0x00000000f4151ce8,0x00000000f4280000)
  to   space 8704K, 0% used [0x00000000f5080000,0x00000000f5080000,0x00000000f5900000)
 ParOldGen       total 53248K, used 27101K [0x00000000c8600000, 0x00000000cba00000, 0x00000000ed780000)
  object space 53248K, 50% used [0x00000000c8600000,0x00000000ca077520,0x00000000cba00000)
 Metaspace       used 46961K, capacity 47336K, committed 47784K, reserved 1091584K
  class space    used 6089K, capacity 6203K, committed 6312K, reserved 1048576K
}
Event: 76.093 GC heap before
{Heap before GC invocations=20 (full 2):
 PSYoungGen      total 109568K, used 108359K [0x00000000ed780000, 0x00000000f5900000, 0x0000000100000000)
  eden space 101376K, 100% used [0x00000000ed780000,0x00000000f3a80000,0x00000000f3a80000)
  from space 8192K, 85% used [0x00000000f3a80000,0x00000000f4151ce8,0x00000000f4280000)
  to   space 8704K, 0% used [0x00000000f5080000,0x00000000f5080000,0x00000000f5900000)
 ParOldGen       total 53248K, used 27101K [0x00000000c8600000, 0x00000000cba00000, 0x00000000ed780000)
  object space 53248K, 50% used [0x00000000c8600000,0x00000000ca077520,0x00000000cba00000)
 Metaspace       used 49398K, capacity 49892K, committed 50088K, reserved 1093632K
  class space    used 6387K, capacity 6493K, committed 6568K, reserved 1048576K
Event: 76.231 GC heap after
Heap after GC invocations=20 (full 2):
 PSYoungGen      total 122880K, used 8371K [0x00000000ed780000, 0x00000000f5d00000, 0x0000000100000000)
  eden space 114176K, 0% used [0x00000000ed780000,0x00000000ed780000,0x00000000f4700000)
  from space 8704K, 96% used [0x00000000f5080000,0x00000000f58accf8,0x00000000f5900000)
  to   space 9728K, 0% used [0x00000000f4700000,0x00000000f4700000,0x00000000f5080000)
 ParOldGen       total 53248K, used 27109K [0x00000000c8600000, 0x00000000cba00000, 0x00000000ed780000)
  object space 53248K, 50% used [0x00000000c8600000,0x00000000ca079520,0x00000000cba00000)
 Metaspace       used 49398K, capacity 49892K, committed 50088K, reserved 1093632K
  class space    used 6387K, capacity 6493K, committed 6568K, reserved 1048576K
}
Event: 333.701 GC heap before
{Heap before GC invocations=21 (full 2):
 PSYoungGen      total 122880K, used 122547K [0x00000000ed780000, 0x00000000f5d00000, 0x0000000100000000)
  eden space 114176K, 100% used [0x00000000ed780000,0x00000000f4700000,0x00000000f4700000)
  from space 8704K, 96% used [0x00000000f5080000,0x00000000f58accf8,0x00000000f5900000)
  to   space 9728K, 0% used [0x00000000f4700000,0x00000000f4700000,0x00000000f5080000)
 ParOldGen       total 53248K, used 27109K [0x00000000c8600000, 0x00000000cba00000, 0x00000000ed780000)
  object space 53248K, 50% used [0x00000000c8600000,0x00000000ca079520,0x00000000cba00000)
 Metaspace       used 54111K, capacity 54808K, committed 54952K, reserved 1097728K
  class space    used 6865K, capacity 7019K, committed 7080K, reserved 1048576K
Event: 333.787 GC heap after
Heap after GC invocations=21 (full 2):
 PSYoungGen      total 123904K, used 9696K [0x00000000ed780000, 0x00000000f6e80000, 0x0000000100000000)
  eden space 114176K, 0% used [0x00000000ed780000,0x00000000ed780000,0x00000000f4700000)
  from space 9728K, 99% used [0x00000000f4700000,0x00000000f50780b0,0x00000000f5080000)
  to   space 12800K, 0% used [0x00000000f6200000,0x00000000f6200000,0x00000000f6e80000)
 ParOldGen       total 53248K, used 31175K [0x00000000c8600000, 0x00000000cba00000, 0x00000000ed780000)
  object space 53248K, 58% used [0x00000000c8600000,0x00000000ca471ea0,0x00000000cba00000)
 Metaspace       used 54111K, capacity 54808K, committed 54952K, reserved 1097728K
  class space    used 6865K, capacity 7019K, committed 7080K, reserved 1048576K
}

Deoptimization events (10 events):
Event: 353.039 Thread 0x0000000016b04800 Uncommon trap: reason=unhandled action=none pc=0x00000000032bd5d0 method=java.net.URLClassLoader.findClass(Ljava/lang/String;)Ljava/lang/Class; @ 44
Event: 353.040 Thread 0x0000000016b04800 Uncommon trap: reason=unhandled action=none pc=0x00000000032bd5d0 method=java.net.URLClassLoader.findClass(Ljava/lang/String;)Ljava/lang/Class; @ 44
Event: 353.041 Thread 0x0000000016b04800 Uncommon trap: reason=unhandled action=none pc=0x00000000032bd5d0 method=java.net.URLClassLoader.findClass(Ljava/lang/String;)Ljava/lang/Class; @ 44
Event: 936.111 Thread 0x0000000019bb0800 Uncommon trap: reason=unhandled action=none pc=0x00000000037133c0 method=java.lang.Class.getMethod(Ljava/lang/String;[Ljava/lang/Class;)Ljava/lang/reflect/Method; @ 61
Event: 936.222 Thread 0x0000000019bb0800 Uncommon trap: reason=unhandled action=none pc=0x00000000032bd5d0 method=java.net.URLClassLoader.findClass(Ljava/lang/String;)Ljava/lang/Class; @ 44
Event: 936.238 Thread 0x0000000019bb0800 Uncommon trap: reason=unhandled action=none pc=0x00000000032bd5d0 method=java.net.URLClassLoader.findClass(Ljava/lang/String;)Ljava/lang/Class; @ 44
Event: 936.243 Thread 0x0000000019bb0800 Uncommon trap: reason=unhandled action=none pc=0x00000000032bd5d0 method=java.net.URLClassLoader.findClass(Ljava/lang/String;)Ljava/lang/Class; @ 44
Event: 936.243 Thread 0x0000000019bb0800 Uncommon trap: reason=unhandled action=none pc=0x00000000032bd5d0 method=java.net.URLClassLoader.findClass(Ljava/lang/String;)Ljava/lang/Class; @ 44
Event: 936.452 Thread 0x0000000019bb0800 Uncommon trap: reason=range_check action=none pc=0x0000000002a8c35c method=sun.reflect.generics.parser.SignatureParser.current()C @ 34
Event: 2741.731 Thread 0x0000000019bad800 Uncommon trap: reason=unstable_if action=reinterpret pc=0x0000000003194a0c method=java.lang.Long.stringSize(J)I @ 17

Internal exceptions (10 events):
Event: 335.231 Thread 0x0000000016b04800 Exception <a 'java/lang/StackOverflowError'> (0x00000000eec4d798) thrown at [C:\re\workspace\8-2-build-windows-amd64-cygwin\jdk8u101\7261\hotspot\src\share\vm\runtime\sharedRuntime.cpp, line 605]
Event: 335.969 Thread 0x0000000016b04800 StackOverflowError at 0x00000000038d4400
Event: 335.976 Thread 0x0000000016b04800 Exception <a 'java/lang/StackOverflowError'> (0x00000000ef420c68) thrown at [C:\re\workspace\8-2-build-windows-amd64-cygwin\jdk8u101\7261\hotspot\src\share\vm\runtime\sharedRuntime.cpp, line 605]
Event: 336.585 Thread 0x0000000016b04800 StackOverflowError at 0x00000000038d4400
Event: 336.596 Thread 0x0000000016b04800 Exception <a 'java/lang/StackOverflowError'> (0x00000000efc1c568) thrown at [C:\re\workspace\8-2-build-windows-amd64-cygwin\jdk8u101\7261\hotspot\src\share\vm\runtime\sharedRuntime.cpp, line 605]
Event: 337.154 Thread 0x0000000016b04800 StackOverflowError at 0x00000000038d4400
Event: 337.183 Thread 0x0000000016b04800 Exception <a 'java/lang/StackOverflowError'> (0x00000000f03efa38) thrown at [C:\re\workspace\8-2-build-windows-amd64-cygwin\jdk8u101\7261\hotspot\src\share\vm\runtime\sharedRuntime.cpp, line 605]
Event: 337.764 Thread 0x0000000016b04800 StackOverflowError at 0x00000000038d4400
Event: 337.769 Thread 0x0000000016b04800 Exception <a 'java/lang/StackOverflowError'> (0x00000000f0bc2e90) thrown at [C:\re\workspace\8-2-build-windows-amd64-cygwin\jdk8u101\7261\hotspot\src\share\vm\runtime\sharedRuntime.cpp, line 605]
Event: 936.453 Thread 0x0000000019bb0800 Exception <a 'java/lang/ArrayIndexOutOfBoundsException': 57> (0x00000000f12dd808) thrown at [C:\re\workspace\8-2-build-windows-amd64-cygwin\jdk8u101\7261\hotspot\src\share\vm\interpreter\interpreterRuntime.cpp, line 366]

Events (10 events):
Event: 2139.091 Thread 0x0000000016b04800 DEOPT UNPACKING pc=0x00000000028c747f sp=0x000000001e8ef040 mode 1
Event: 2741.731 Thread 0x0000000019bad800 Uncommon trap: trap_request=0xffffff65 fr.pc=0x0000000003194a0c
Event: 2741.731 Thread 0x0000000019bad800 DEOPT PACKING pc=0x0000000003194a0c sp=0x000000001f0ecf60
Event: 2741.731 Thread 0x0000000019bad800 DEOPT UNPACKING pc=0x00000000028c582a sp=0x000000001f0ecef0 mode 2
Event: 2749.121 Executing VM operation: RevokeBias
Event: 2749.121 Executing VM operation: RevokeBias done
Event: 2749.122 Thread 0x0000000019baa800 DEOPT PACKING pc=0x0000000003bec934 sp=0x000000001e9eee40
Event: 2749.122 Thread 0x0000000019baa800 DEOPT UNPACKING pc=0x00000000028c747f sp=0x000000001e9eed40 mode 1
Event: 2928.061 Executing VM operation: RedefineClasses
Event: 2928.562 Executing VM operation: RedefineClasses done


Dynamic libraries:
0x00007ff624c90000 - 0x00007ff624cc7000 	C:\Program Files\Java\jre1.8.0_101\bin\javaw.exe
0x00007ffbe33f0000 - 0x00007ffbe35c1000 	C:\WINDOWS\SYSTEM32\ntdll.dll
0x00007ffbe0a30000 - 0x00007ffbe0adb000 	C:\WINDOWS\System32\KERNEL32.DLL
0x00007ffbdfa20000 - 0x00007ffbdfc3d000 	C:\WINDOWS\System32\KERNELBASE.dll
0x00007ffbe0980000 - 0x00007ffbe0a22000 	C:\WINDOWS\System32\ADVAPI32.dll
0x00007ffbe3350000 - 0x00007ffbe33ee000 	C:\WINDOWS\System32\msvcrt.dll
0x00007ffbe0c50000 - 0x00007ffbe0ca9000 	C:\WINDOWS\System32\sechost.dll
0x00007ffbe2700000 - 0x00007ffbe2821000 	C:\WINDOWS\System32\RPCRT4.dll
0x00007ffbe2950000 - 0x00007ffbe2ab5000 	C:\WINDOWS\System32\USER32.dll
0x00007ffbdfa00000 - 0x00007ffbdfa1e000 	C:\WINDOWS\System32\win32u.dll
0x00007ffbe0d30000 - 0x00007ffbe0d64000 	C:\WINDOWS\System32\GDI32.dll
0x00007ffbe07f0000 - 0x00007ffbe0972000 	C:\WINDOWS\System32\gdi32full.dll
0x00007ffbd3a20000 - 0x00007ffbd3c9a000 	C:\WINDOWS\WinSxS\amd64_microsoft.windows.common-controls_6595b64144ccf1df_6.0.14393.953_none_42151e83c686086b\COMCTL32.dll
0x00007ffbe2420000 - 0x00007ffbe26e8000 	C:\WINDOWS\System32\combase.dll
0x00007ffbe06f0000 - 0x00007ffbe07e5000 	C:\WINDOWS\System32\ucrtbase.dll
0x00007ffbdf940000 - 0x00007ffbdf9aa000 	C:\WINDOWS\System32\bcryptPrimitives.dll
0x00007ffbe0ae0000 - 0x00007ffbe0b0e000 	C:\WINDOWS\System32\IMM32.DLL
0x00000000588a0000 - 0x0000000058972000 	C:\Program Files\Java\jre1.8.0_101\bin\msvcr100.dll
0x0000000056c80000 - 0x000000005751a000 	C:\Program Files\Java\jre1.8.0_101\bin\server\jvm.dll
0x00007ffbe26f0000 - 0x00007ffbe26f8000 	C:\WINDOWS\System32\PSAPI.DLL
0x00007ffbda8d0000 - 0x00007ffbda8d9000 	C:\WINDOWS\SYSTEM32\WSOCK32.dll
0x00007ffbe23b0000 - 0x00007ffbe241a000 	C:\WINDOWS\System32\WS2_32.dll
0x00007ffbddbf0000 - 0x00007ffbddc13000 	C:\WINDOWS\SYSTEM32\WINMM.dll
0x00007ffbdc6f0000 - 0x00007ffbdc6fa000 	C:\WINDOWS\SYSTEM32\VERSION.dll
0x00007ffbddb90000 - 0x00007ffbddbbb000 	C:\WINDOWS\SYSTEM32\WINMMBASE.dll
0x00007ffbdf9b0000 - 0x00007ffbdf9f2000 	C:\WINDOWS\System32\cfgmgr32.dll
0x0000000058a50000 - 0x0000000058a5f000 	C:\Program Files\Java\jre1.8.0_101\bin\verify.dll
0x0000000058a20000 - 0x0000000058a49000 	C:\Program Files\Java\jre1.8.0_101\bin\java.dll
0x0000000058570000 - 0x00000000585a5000 	C:\Program Files\Java\jre1.8.0_101\bin\jdwp.dll
0x0000000058890000 - 0x0000000058898000 	C:\Program Files\Java\jre1.8.0_101\bin\npt.dll
0x0000000058a00000 - 0x0000000058a16000 	C:\Program Files\Java\jre1.8.0_101\bin\zip.dll
0x00007ffbe0d70000 - 0x00007ffbe2279000 	C:\WINDOWS\System32\SHELL32.dll
0x00007ffbdff60000 - 0x00007ffbe063a000 	C:\WINDOWS\System32\windows.storage.dll
0x00007ffbdf890000 - 0x00007ffbdf8dc000 	C:\WINDOWS\System32\powrprof.dll
0x00007ffbe2280000 - 0x00007ffbe22d2000 	C:\WINDOWS\System32\shlwapi.dll
0x00007ffbdf880000 - 0x00007ffbdf88f000 	C:\WINDOWS\System32\kernel.appcore.dll
0x00007ffbdfce0000 - 0x00007ffbdfd89000 	C:\WINDOWS\System32\shcore.dll
0x00007ffbdf850000 - 0x00007ffbdf864000 	C:\WINDOWS\System32\profapi.dll
0x0000000058560000 - 0x0000000058569000 	C:\Program Files\Java\jre1.8.0_101\bin\dt_socket.dll
0x00007ffbcee40000 - 0x00007ffbcee56000 	C:\WINDOWS\system32\napinsp.dll
0x00007ffbcee60000 - 0x00007ffbcee7a000 	C:\WINDOWS\system32\pnrpnsp.dll
0x00007ffbda840000 - 0x00007ffbda858000 	C:\WINDOWS\system32\NLAapi.dll
0x00007ffbdf180000 - 0x00007ffbdf1dc000 	C:\WINDOWS\System32\mswsock.dll
0x00007ffbdef40000 - 0x00007ffbdefe1000 	C:\WINDOWS\SYSTEM32\DNSAPI.dll
0x00007ffbe23a0000 - 0x00007ffbe23a8000 	C:\WINDOWS\System32\NSI.dll
0x00007ffbdef00000 - 0x00007ffbdef38000 	C:\WINDOWS\SYSTEM32\IPHLPAPI.DLL
0x00007ffbceec0000 - 0x00007ffbceece000 	C:\WINDOWS\System32\winrnr.dll
0x00007ffbd96c0000 - 0x00007ffbd972a000 	C:\WINDOWS\System32\fwpuclnt.dll
0x00007ffbdf430000 - 0x00007ffbdf45b000 	C:\WINDOWS\SYSTEM32\bcrypt.dll
0x00007ffbd8530000 - 0x00007ffbd853a000 	C:\Windows\System32\rasadhlp.dll
0x0000000058550000 - 0x000000005855d000 	C:\Program Files\Java\jre1.8.0_101\bin\management.dll
0x00000000589e0000 - 0x00000000589fa000 	C:\Program Files\Java\jre1.8.0_101\bin\net.dll
0x00000000589c0000 - 0x00000000589d1000 	C:\Program Files\Java\jre1.8.0_101\bin\nio.dll
0x00007ffbdf320000 - 0x00007ffbdf337000 	C:\WINDOWS\SYSTEM32\CRYPTSP.dll
0x00007ffbded80000 - 0x00007ffbdedb3000 	C:\WINDOWS\system32\rsaenh.dll
0x00007ffbdf000000 - 0x00007ffbdf01f000 	C:\WINDOWS\SYSTEM32\USERENV.dll
0x00007ffbdf340000 - 0x00007ffbdf34b000 	C:\WINDOWS\SYSTEM32\CRYPTBASE.dll
0x00007ffbda8b0000 - 0x00007ffbda8c6000 	C:\WINDOWS\SYSTEM32\dhcpcsvc6.DLL
0x00007ffbda890000 - 0x00007ffbda8aa000 	C:\WINDOWS\SYSTEM32\dhcpcsvc.DLL
0x00007ffbda690000 - 0x00007ffbda822000 	C:\WINDOWS\SYSTEM32\dbghelp.dll

VM Arguments:
jvm_args: -agentlib:jdwp=transport=dt_socket,suspend=y,address=localhost:52986 -Dfile.encoding=UTF-8 
java_command: edu.csus.asi.saferides.SafeRidesApiApplication
java_class_path (initial): C:\Users\Shan\safe-rides\safe-rides-api\target\classes;C:\Users\Shan\.m2\repository\org\springframework\boot\spring-boot-starter-actuator\1.5.1.RELEASE\spring-boot-starter-actuator-1.5.1.RELEASE.jar;C:\Users\Shan\.m2\repository\org\springframework\boot\spring-boot-starter\1.5.1.RELEASE\spring-boot-starter-1.5.1.RELEASE.jar;C:\Users\Shan\.m2\repository\org\springframework\boot\spring-boot\1.5.1.RELEASE\spring-boot-1.5.1.RELEASE.jar;C:\Users\Shan\.m2\repository\org\springframework\boot\spring-boot-autoconfigure\1.5.1.RELEASE\spring-boot-autoconfigure-1.5.1.RELEASE.jar;C:\Users\Shan\.m2\repository\org\springframework\boot\spring-boot-starter-logging\1.5.1.RELEASE\spring-boot-starter-logging-1.5.1.RELEASE.jar;C:\Users\Shan\.m2\repository\ch\qos\logback\logback-classic\1.1.9\logback-classic-1.1.9.jar;C:\Users\Shan\.m2\repository\ch\qos\logback\logback-core\1.1.9\logback-core-1.1.9.jar;C:\Users\Shan\.m2\repository\org\slf4j\jul-to-slf4j\1.7.22\jul-to-slf4j-1.7.22.jar;C:\Users\Shan\.m2\repository\org\slf4j\log4j-over-slf4j\1.7.22\log4j-over-slf4j-1.7.22.jar;C:\Users\Shan\.m2\repository\org\yaml\snakeyaml\1.17\snakeyaml-1.17.jar;C:\Users\Shan\.m2\repository\org\springframework\boot\spring-boot-actuator\1.5.1.RELEASE\spring-boot-actuator-1.5.1.RELEASE.jar;C:\Users\Shan\.m2\repository\org\springframework\spring-context\4.3.6.RELEASE\spring-context-4.3.6.RELEASE.jar;C:\Users\Shan\.m2\repository\org\springframework\boot\spring-boot-actuator-docs\1.5.1.RELEASE\spring-boot-actuator-docs-1.5.1.RELEASE.jar;C:\Users\Shan\.m2\repository\org\springframework\hateoas\spring-hateoas\0.23.0.RELEASE\spring-hateoas-0.23.0.RELEASE.jar;C:\Users\Shan\.m2\repository\org\springframework\spring-aop\4.3.6.RELEASE\spring-aop-4.3.6.RELEASE.jar;C:\Users\Shan\.m2\repository\org\springframework\spring-beans\4.3.6.RELEASE\spring-beans-4.3.6.RELEASE.jar;C:\Users\Shan\.m2\repository\org\slf4j\slf4j-api\1.7.22\slf4j-api-1.7.22.jar;C:\Users\Shan\.m2\repository\org\springframewor
Launcher Type: SUN_STANDARD

Environment Variables:
CLASSPATH=.;C:\javagaming\graphicslib3D\graphicslib3D.jar;C:\javagaming\jogamp-all-platforms\jar\jogl-all.jar;C:\javagaming\jogamp-all-platforms\jar\gluegen-rt.jar
PATH=C:/Program Files/Java/jre1.8.0_101/bin/server;C:/Program Files/Java/jre1.8.0_101/bin;C:/Program Files/Java/jre1.8.0_101/lib/amd64;C:\ProgramData\Oracle\Java\javapath;C:\WINDOWS\system32;C:\WINDOWS;C:\WINDOWS\System32\Wbem;C:\WINDOWS\System32\WindowsPowerShell\v1.0\;C:\Program Files (x86)\ATI Technologies\ATI.ACE\Core-Static;c:\javagaming\jinput\lib;"C:\Program Files\Java\jdk1.8.0_101\bin";C:\Program Files (x86)\Bitvise SSH Client;C:\Program Files (x86)\Skype\Phone\;C:\Program Files\nodejs\;C:\Program Files\Git\cmd;C:\Users\Shan\AppData\Local\Programs\Python\Python35\Scripts\;C:\Users\Shan\AppData\Local\Programs\Python\Python35\;C:\Users\Shan\AppData\Local\atom\bin;C:\Users\Shan\AppData\Local\Microsoft\WindowsApps;C:\Users\Shan\AppData\Roaming\npm;C:\Users\Shan\Desktop;
USERNAME=Shan
OS=Windows_NT
PROCESSOR_IDENTIFIER=AMD64 Family 18 Model 1 Stepping 0, AuthenticAMD



---------------  S Y S T E M  ---------------

OS: Windows 10.0 , 64 bit Build 14393 (10.0.14393.0)

CPU:total 2 (2 cores per cpu, 1 threads per core) family 18 model 1 stepping 0, cmov, cx8, fxsr, mmx, sse, sse2, sse3, popcnt, mmxext, 3dnowpref, lzcnt, sse4a, tsc, tscinvbit, tscinv

Memory: 4k page, physical 3637416k(511184k free), swap 6686144k(1320088k free)

vm_info: Java HotSpot(TM) 64-Bit Server VM (25.101-b13) for windows-amd64 JRE (1.8.0_101-b13), built on Jun 22 2016 01:21:29 by "java_re" with MS VC++ 10.0 (VS2010)

time: Sun Mar 19 23:30:24 2017
elapsed time: 2929 seconds (0d 0h 48m 49s)

